<?xml version="1.0" encoding="UTF-8"?>
<testsuite xmlns:xsi="http://www.w3.org/2001/XMLSchema-instance" xsi:noNamespaceSchemaLocation="https://maven.apache.org/surefire/maven-surefire-plugin/xsd/surefire-test-report.xsd" name="CourierTest" time="2.454" tests="9" errors="0" skipped="0" failures="2">
  <properties>
[...]
</properties>
  <testcase name="creatingCourierWithEmptyPasswordTest" classname="CourierTest" time="0.073"/>
  <testcase name="creatingCourierWithoutPasswordTest" classname="CourierTest" time="0.107"/>
  <testcase name="creatingCourierWithExistingLoginTest" classname="CourierTest" time="0.537">
    <failure message="1 expectation failed.&#10;Response body doesn&apos;t match expectation.&#10;Expected: &quot;{\&quot;message\&quot;: \&quot;Этот логин уже используется\&quot;}&quot;&#10;  Actual: {&quot;code&quot;:409,&quot;message&quot;:&quot;Этот логин уже используется. Попробуйте другой.&quot;}&#10;" type="java.lang.AssertionError">java.lang.AssertionError: 
1 expectation failed.
Response body doesn't match expectation.
Expected: "{\"message\": \"Этот логин уже используется\"}"
  Actual: {"code":409,"message":"Этот логин уже используется. Попробуйте другой."}

	at CourierTest.creatingCourierWithExistingLoginTest(CourierTest.java:124)
</failure>
    <system-out><![CDATA[Request method:	POST
Request URI:	http://qa-scooter.praktikum-services.ru/api/v1/courier
Proxy:			<none>
Request params:	<none>
Query params:	<none>
Form params:	<none>
Path params:	<none>
Headers:		Accept=*/*
				Content-Type=application/json
Cookies:		<none>
Multiparts:		<none>
Body:
{
    "login": "SWsZYhAY",
    "password": "SWsZYhAY",
    "firstName": "SWsZYhAY"
}
HTTP/1.1 201 Created
Access-Control-Allow-Origin: *
Content-Length: 11
Content-Type: application/json; charset=utf-8
Date: Thu, 12 Jan 2023 17:37:25 GMT
ETag: W/"b-Ai2R8hgEarLmHKwesT1qcY913ys"
Set-Cookie: _yasc=7/JA5uIs4yRuy/stT6szTHhQ1Benq9pUJd+j3XqY96lqQDIx1qeL2ZFXnlM1; domain=.praktikum-services.ru; path=/; expires=Sun, 09-Jan-2033 17:37:25 GMT; secure
X-Powered-By: Express
X-Request-Id: 1673545045558499-6909782214621528026

{
    "ok": true
}
Request method:	POST
Request URI:	http://qa-scooter.praktikum-services.ru/api/v1/courier
Proxy:			<none>
Request params:	<none>
Query params:	<none>
Form params:	<none>
Path params:	<none>
Headers:		Accept=*/*
				Content-Type=application/json
Cookies:		<none>
Multiparts:		<none>
Body:
{
    "login": "SWsZYhAY",
    "password": "8768kjhgfdsa",
    "firstName": "Петров Петр Петрович"
}
HTTP/1.1 409 Conflict
Access-Control-Allow-Origin: *
Content-Length: 112
Content-Type: application/json; charset=utf-8
Date: Thu, 12 Jan 2023 17:37:25 GMT
ETag: W/"70-sLG1ZktNk+Ab3iaKUMwxkdL4FJo"
Set-Cookie: _yasc=yW5JnX1AJwQZFloDM5rQv73AY1hfe/86ltrmPNbjnsUZso+lh9rVTygJVYc=; domain=.praktikum-services.ru; path=/; expires=Sun, 09-Jan-2033 17:37:25 GMT; secure
X-Powered-By: Express
X-Request-Id: 1673545045703383-10040894628210000660

{
    "code": 409,
    "message": "Этот логин уже используется. Попробуйте другой."
}
Request method:	POST
Request URI:	http://qa-scooter.praktikum-services.ru/api/v1/courier/login
Proxy:			<none>
Request params:	<none>
Query params:	<none>
Form params:	<none>
Path params:	<none>
Headers:		Accept=*/*
				Content-Type=application/json
Cookies:		<none>
Multiparts:		<none>
Body:
{
    "login": "SWsZYhAY",
    "password": "SWsZYhAY"
}
HTTP/1.1 200 OK
Access-Control-Allow-Origin: *
Content-Length: 13
Content-Type: application/json; charset=utf-8
Date: Thu, 12 Jan 2023 17:37:25 GMT
ETag: W/"d-VdG1+qMI9pVnRNCe2FzquqLRQt0"
Set-Cookie: _yasc=NynMdQHNWOFcbpD9Som+1trZlecCyZArk4uWP0LvhFDyqhqunzTgzqRlidk=; domain=.praktikum-services.ru; path=/; expires=Sun, 09-Jan-2033 17:37:25 GMT; secure
X-Powered-By: Express
X-Request-Id: 1673545045823286-18309667789349972350

{
    "id": 141780
}
Request method:	DELETE
Request URI:	http://qa-scooter.praktikum-services.ru/api/v1/courier/141780
Proxy:			<none>
Request params:	<none>
Query params:	<none>
Form params:	<none>
Path params:	<none>
Headers:		Accept=*/*
				Content-Type=application/json
Cookies:		<none>
Multiparts:		<none>
Body:
{
    "id": "141780"
}
HTTP/1.1 200 OK
Access-Control-Allow-Origin: *
Content-Length: 11
Content-Type: application/json; charset=utf-8
Date: Thu, 12 Jan 2023 17:37:25 GMT
ETag: W/"b-Ai2R8hgEarLmHKwesT1qcY913ys"
Set-Cookie: _yasc=JsBB+HMNg2jNAzSIM1mWMxAY0f3ooNITkzFBE7M/pFBoB8FF12SEvWLHmEI=; domain=.praktikum-services.ru; path=/; expires=Sun, 09-Jan-2033 17:37:25 GMT; secure
X-Powered-By: Express
X-Request-Id: 1673545045941826-13029602399829930528

{
    "ok": true
}
]]></system-out>
  </testcase>
  <testcase name="creatingCourierTest" classname="CourierTest" time="0.364"/>
  <testcase name="creatingCourierWithEmptyLoginTest" classname="CourierTest" time="0.117"/>
  <testcase name="creatingIdenticalCourierTest" classname="CourierTest" time="0.572">
    <failure message="1 expectation failed.&#10;Response body doesn&apos;t match expectation.&#10;Expected: &quot;{\&quot;message\&quot;: \&quot;Этот логин уже используется\&quot;}&quot;&#10;  Actual: {&quot;code&quot;:409,&quot;message&quot;:&quot;Этот логин уже используется. Попробуйте другой.&quot;}&#10;" type="java.lang.AssertionError">java.lang.AssertionError: 
1 expectation failed.
Response body doesn't match expectation.
Expected: "{\"message\": \"Этот логин уже используется\"}"
  Actual: {"code":409,"message":"Этот логин уже используется. Попробуйте другой."}

	at CourierTest.creatingIdenticalCourierTest(CourierTest.java:40)
</failure>
    <system-out><![CDATA[Request method:	POST
Request URI:	http://qa-scooter.praktikum-services.ru/api/v1/courier
Proxy:			<none>
Request params:	<none>
Query params:	<none>
Form params:	<none>
Path params:	<none>
Headers:		Accept=*/*
				Content-Type=application/json
Cookies:		<none>
Multiparts:		<none>
Body:
{
    "login": "YnrhJbSK",
    "password": "YnrhJbSK",
    "firstName": "YnrhJbSK"
}
HTTP/1.1 201 Created
Access-Control-Allow-Origin: *
Content-Length: 11
Content-Type: application/json; charset=utf-8
Date: Thu, 12 Jan 2023 17:37:26 GMT
ETag: W/"b-Ai2R8hgEarLmHKwesT1qcY913ys"
Set-Cookie: _yasc=RmOxAU3m8Dt/JiuwYD3DZCFp1IyAYcDE4FT/GHgUTM1Go8RcG1G5QLpGo037; domain=.praktikum-services.ru; path=/; expires=Sun, 09-Jan-2033 17:37:26 GMT; secure
X-Powered-By: Express
X-Request-Id: 1673545046518754-1107562261757851875

{
    "ok": true
}
Request method:	POST
Request URI:	http://qa-scooter.praktikum-services.ru/api/v1/courier
Proxy:			<none>
Request params:	<none>
Query params:	<none>
Form params:	<none>
Path params:	<none>
Headers:		Accept=*/*
				Content-Type=application/json
Cookies:		<none>
Multiparts:		<none>
Body:
{
    "login": "YnrhJbSK",
    "password": "YnrhJbSK",
    "firstName": "YnrhJbSK"
}
HTTP/1.1 409 Conflict
Access-Control-Allow-Origin: *
Content-Length: 112
Content-Type: application/json; charset=utf-8
Date: Thu, 12 Jan 2023 17:37:26 GMT
ETag: W/"70-sLG1ZktNk+Ab3iaKUMwxkdL4FJo"
Set-Cookie: _yasc=os1MEpKWYg3OXSzqB1CKEV0Isa9idWFe0GmhBNjNqoywWPlqYb+Iqnixw9w=; domain=.praktikum-services.ru; path=/; expires=Sun, 09-Jan-2033 17:37:26 GMT; secure
X-Powered-By: Express
X-Request-Id: 1673545046641604-4087020584862713100

{
    "code": 409,
    "message": "Этот логин уже используется. Попробуйте другой."
}
Request method:	POST
Request URI:	http://qa-scooter.praktikum-services.ru/api/v1/courier/login
Proxy:			<none>
Request params:	<none>
Query params:	<none>
Form params:	<none>
Path params:	<none>
Headers:		Accept=*/*
				Content-Type=application/json
Cookies:		<none>
Multiparts:		<none>
Body:
{
    "login": "YnrhJbSK",
    "password": "YnrhJbSK"
}
HTTP/1.1 200 OK
Access-Control-Allow-Origin: *
Content-Length: 13
Content-Type: application/json; charset=utf-8
Date: Thu, 12 Jan 2023 17:37:26 GMT
ETag: W/"d-Ki6tBUia256DG/6rTDba/P5ooB0"
Set-Cookie: _yasc=/BV3kh0ZE2oJTPX0QkZa7aeXMDfZLk2sui8Jy4LiR2cKOHd46KeAYNjMc4fd; domain=.praktikum-services.ru; path=/; expires=Sun, 09-Jan-2033 17:37:26 GMT; secure
X-Powered-By: Express
X-Request-Id: 1673545046806434-13860624404990946377

{
    "id": 141782
}
Request method:	DELETE
Request URI:	http://qa-scooter.praktikum-services.ru/api/v1/courier/141782
Proxy:			<none>
Request params:	<none>
Query params:	<none>
Form params:	<none>
Path params:	<none>
Headers:		Accept=*/*
				Content-Type=application/json
Cookies:		<none>
Multiparts:		<none>
Body:
{
    "id": "141782"
}
HTTP/1.1 200 OK
Access-Control-Allow-Origin: *
Content-Length: 11
Content-Type: application/json; charset=utf-8
Date: Thu, 12 Jan 2023 17:37:27 GMT
ETag: W/"b-Ai2R8hgEarLmHKwesT1qcY913ys"
Set-Cookie: _yasc=Ffvv5uCigCv2eLWHYKUExduu5JCPowNdryp+cXVG2yFyjsXIBOgwU6NcTs6p; domain=.praktikum-services.ru; path=/; expires=Sun, 09-Jan-2033 17:37:26 GMT; secure
X-Powered-By: Express
X-Request-Id: 1673545046911743-14433307429402381299

{
    "ok": true
}
]]></system-out>
  </testcase>
  <testcase name="creatingCourierWithEmptyFirstNameTest" classname="CourierTest" time="0.435"/>
  <testcase name="creatingCourierWithoutLoginTest" classname="CourierTest" time="0.105"/>
  <testcase name="creatingCourierWithoutFirstNameTest" classname="CourierTest" time="0.134"/>
</testsuite>