<?xml version="1.0" encoding="UTF-8"?>
<testsuite xmlns:xsi="http://www.w3.org/2001/XMLSchema-instance" xsi:noNamespaceSchemaLocation="https://maven.apache.org/surefire/maven-surefire-plugin/xsd/surefire-test-report.xsd" name="CourierLoginTest" time="68.756" tests="8" errors="0" skipped="0" failures="1">
  <properties>
[...]
</properties>
  <testcase name="authNonExistentCourierTest" classname="CourierLoginTest" time="4.709"/>
  <testcase name="authCourierWithEmptyLoginTest" classname="CourierLoginTest" time="0.699"/>
  <testcase name="authCourierWithWrongPasswordTest" classname="CourierLoginTest" time="0.563"/>
  <testcase name="authCourierTest" classname="CourierLoginTest" time="0.495"/>
  <testcase name="authCourierWithoutPasswordTest" classname="CourierLoginTest" time="60.663">
    <failure message="1 expectation failed.&#10;Expected status code &lt;400&gt; but was &lt;504&gt;.&#10;" type="java.lang.AssertionError"><![CDATA[java.lang.AssertionError: 
1 expectation failed.
Expected status code <400> but was <504>.

	at CourierLoginTest.authCourierWithoutPasswordTest(CourierLoginTest.java:97)
]]></failure>
    <system-out><![CDATA[Request method:	POST
Request URI:	http://qa-scooter.praktikum-services.ru/api/v1/courier
Proxy:			<none>
Request params:	<none>
Query params:	<none>
Form params:	<none>
Path params:	<none>
Headers:		Accept=*/*
				Content-Type=application/json
Cookies:		<none>
Multiparts:		<none>
Body:
{
    "login": "BUEDiEbm",
    "password": "BUEDiEbm",
    "firstName": "BUEDiEbm"
}
HTTP/1.1 201 Created
Access-Control-Allow-Origin: *
Content-Length: 11
Content-Type: application/json; charset=utf-8
Date: Thu, 12 Jan 2023 17:36:23 GMT
ETag: W/"b-Ai2R8hgEarLmHKwesT1qcY913ys"
Set-Cookie: _yasc=jj4XRYaCk/4G9F+CkDuwx06o6lLcMt6uGbKJdKAwyQMqfAvSN5ZHvxNnLkJQ; domain=.praktikum-services.ru; path=/; expires=Sun, 09-Jan-2033 17:36:23 GMT; secure
X-Powered-By: Express
X-Request-Id: 1673544983195494-14091112375574948068

{
    "ok": true
}
Request method:	POST
Request URI:	http://qa-scooter.praktikum-services.ru/api/v1/courier/login
Proxy:			<none>
Request params:	<none>
Query params:	<none>
Form params:	<none>
Path params:	<none>
Headers:		Accept=*/*
				Content-Type=application/json
Cookies:		<none>
Multiparts:		<none>
Body:
{
    "login": "BUEDiEbm"
}
HTTP/1.1 504 Gateway time out
Content-Length: 19
Set-Cookie: _yasc=ZWaHD3Z9XlTgFWs3wfOqq+U/VMurNbMoVG8Qo1mRRYAH/T5RKf1gM/pQn9wf; domain=.praktikum-services.ru; path=/; expires=Sun, 09-Jan-2033 17:36:23 GMT; secure
X-Request-Id: 1673544983362528-9214101763849217631

Service unavailable
Request method:	POST
Request URI:	http://qa-scooter.praktikum-services.ru/api/v1/courier/login
Proxy:			<none>
Request params:	<none>
Query params:	<none>
Form params:	<none>
Path params:	<none>
Headers:		Accept=*/*
				Content-Type=application/json
Cookies:		<none>
Multiparts:		<none>
Body:
{
    "login": "BUEDiEbm",
    "password": "BUEDiEbm"
}
HTTP/1.1 200 OK
Access-Control-Allow-Origin: *
Content-Length: 13
Content-Type: application/json; charset=utf-8
Date: Thu, 12 Jan 2023 17:37:23 GMT
ETag: W/"d-i8/0in5wdNzUJVw5kFDNbbuA088"
Set-Cookie: _yasc=0GylxgcKM9Vd7GlKLJVBvvQvO+WiCcxYq4xcCuU2+AGb1vRGF5DID1s5AIen; domain=.praktikum-services.ru; path=/; expires=Sun, 09-Jan-2033 17:37:23 GMT; secure
X-Powered-By: Express
X-Request-Id: 1673545043514794-8866604830988978377

{
    "id": 141776
}
Request method:	DELETE
Request URI:	http://qa-scooter.praktikum-services.ru/api/v1/courier/141776
Proxy:			<none>
Request params:	<none>
Query params:	<none>
Form params:	<none>
Path params:	<none>
Headers:		Accept=*/*
				Content-Type=application/json
Cookies:		<none>
Multiparts:		<none>
Body:
{
    "id": "141776"
}
HTTP/1.1 200 OK
Access-Control-Allow-Origin: *
Content-Length: 11
Content-Type: application/json; charset=utf-8
Date: Thu, 12 Jan 2023 17:37:23 GMT
ETag: W/"b-Ai2R8hgEarLmHKwesT1qcY913ys"
Set-Cookie: _yasc=i/BwxIFWd1GSKBiSiH42ELi3Mxx4rm406ES9Zx6p1JE98rhxzUo36rOeq6I=; domain=.praktikum-services.ru; path=/; expires=Sun, 09-Jan-2033 17:37:23 GMT; secure
X-Powered-By: Express
X-Request-Id: 1673545043738060-1217700241393798179

{
    "ok": true
}
]]></system-out>
  </testcase>
  <testcase name="authCourierWithEmptyPasswordTest" classname="CourierLoginTest" time="0.472"/>
  <testcase name="authCourierWithoutLoginTest" classname="CourierLoginTest" time="0.494"/>
  <testcase name="authCourierWithWrongLoginTest" classname="CourierLoginTest" time="0.458"/>
</testsuite>